<?xml version="1.0" encoding="UTF-8"?>
<testsuite xmlns:xsi="http://www.w3.org/2001/XMLSchema-instance" xsi:schemaLocation="https://maven.apache.org/surefire/maven-surefire-plugin/xsd/surefire-test-report.xsd" name="TestSuite" time="26.13" tests="1" errors="0" skipped="0" failures="1">
  <properties>
[...]
</properties>
  <testcase name="loginTest" classname="com.testcases.LoginTest" time="8.387">
    <failure message="element not interactable&#10;  (Session info: chrome=80.0.3987.122)&#10;Build info: version: &apos;3.141.59&apos;, revision: &apos;e82be7d358&apos;, time: &apos;2018-11-14T08:17:03&apos;&#10;System info: host: &apos;NHD050148&apos;, ip: &apos;10.66.100.158&apos;, os.name: &apos;Windows 10&apos;, os.arch: &apos;amd64&apos;, os.version: &apos;10.0&apos;, java.version: &apos;1.8.0_191&apos;&#10;Driver info: org.openqa.selenium.chrome.ChromeDriver&#10;Capabilities {acceptInsecureCerts: false, browserName: chrome, browserVersion: 80.0.3987.122, chrome: {chromedriverVersion: 80.0.3987.16 (320f6526c1632..., userDataDir: C:\Users\HARISH~1.LIN\AppDa...}, goog:chromeOptions: {debuggerAddress: localhost:56913}, javascriptEnabled: true, networkConnectionEnabled: false, pageLoadStrategy: normal, platform: WINDOWS, platformName: WINDOWS, proxy: Proxy(), setWindowRect: true, strictFileInteractability: false, timeouts: {implicit: 0, pageLoad: 300000, script: 30000}, unhandledPromptBehavior: dismiss and notify}&#10;Session ID: 221852f0751d9ad01395a5f4bd00d4a1" type="org.openqa.selenium.ElementNotInteractableException">org.openqa.selenium.ElementNotInteractableException: 
element not interactable
  (Session info: chrome=80.0.3987.122)
Build info: version: '3.141.59', revision: 'e82be7d358', time: '2018-11-14T08:17:03'
System info: host: 'NHD050148', ip: '10.66.100.158', os.name: 'Windows 10', os.arch: 'amd64', os.version: '10.0', java.version: '1.8.0_191'
Driver info: org.openqa.selenium.chrome.ChromeDriver
Capabilities {acceptInsecureCerts: false, browserName: chrome, browserVersion: 80.0.3987.122, chrome: {chromedriverVersion: 80.0.3987.16 (320f6526c1632..., userDataDir: C:\Users\HARISH~1.LIN\AppDa...}, goog:chromeOptions: {debuggerAddress: localhost:56913}, javascriptEnabled: true, networkConnectionEnabled: false, pageLoadStrategy: normal, platform: WINDOWS, platformName: WINDOWS, proxy: Proxy(), setWindowRect: true, strictFileInteractability: false, timeouts: {implicit: 0, pageLoad: 300000, script: 30000}, unhandledPromptBehavior: dismiss and notify}
Session ID: 221852f0751d9ad01395a5f4bd00d4a1
	at com.testcases.LoginTest.loginTest(LoginTest.java:16)
</failure>
    <system-out><![CDATA[ INFO [main] (LoginTest.java:14)- URL is opened
]]></system-out>
    <system-err><![CDATA[Starting ChromeDriver 80.0.3987.16 (320f6526c1632ad4f205ebce69b99a062ed78647-refs/branch-heads/3987@{#185}) on port 48755
Only local connections are allowed.
Please protect ports used by ChromeDriver and related test frameworks to prevent access by malicious code.
Mar 03, 2020 4:16:53 PM org.openqa.selenium.remote.ProtocolHandshake createSession
INFO: Detected dialect: W3C
[1583232417.864][SEVERE]: Timed out receiving message from renderer: 0.100
[1583232417.966][SEVERE]: Timed out receiving message from renderer: 0.100
[1583232418.067][SEVERE]: Timed out receiving message from renderer: 0.100
[1583232418.301][SEVERE]: Timed out receiving message from renderer: 0.100
[1583232418.403][SEVERE]: Timed out receiving message from renderer: 0.100
[1583232418.504][SEVERE]: Timed out receiving message from renderer: 0.100
[1583232418.612][SEVERE]: Timed out receiving message from renderer: 0.100
[1583232418.883][SEVERE]: Timed out receiving message from renderer: 0.100
[1583232418.984][SEVERE]: Timed out receiving message from renderer: 0.100
[1583232419.086][SEVERE]: Timed out receiving message from renderer: 0.100
[1583232419.188][SEVERE]: Timed out receiving message from renderer: 0.100
[1583232419.298][SEVERE]: Timed out receiving message from renderer: 0.100
[1583232419.465][SEVERE]: Timed out receiving message from renderer: 0.100
[1583232419.567][SEVERE]: Timed out receiving message from renderer: 0.100
[1583232419.669][SEVERE]: Timed out receiving message from renderer: 0.100
[1583232428.844][SEVERE]: Timed out receiving message from renderer: 0.100
]]></system-err>
  </testcase>
</testsuite>